<?xml version="1.0" encoding="UTF-8"?>
<testsuite name="PhoneTest" tests="3" skipped="0" failures="0" errors="0" timestamp="2016-02-18T22:26:28" hostname="epicodus-64.local" time="0.001">
  <properties/>
  <testcase name="getPhoneNumberAndType_returnsPhoneNumberAndType_true" classname="PhoneTest" time="0.0"/>
  <testcase name="all_returnsAttInstancesOfPhone_true" classname="PhoneTest" time="0.0"/>
  <testcase name="phone_instantiatesCorrectly_true" classname="PhoneTest" time="0.0"/>
  <system-out><![CDATA[]]></system-out>
  <system-err><![CDATA[]]></system-err>
</testsuite>
